<?xml version="1.0" encoding="UTF-8"?>
<!-- Generated by org.testng.reporters.JUnitReportReporter -->
<testsuite skipped="0" hostname="DESKTOP-CG9G5TL" name="com.dataDriven.util.Provider" tests="3" failures="0" timestamp="2019-11-15T19:59:52 IST" time="0.015" errors="0">
  <testcase name="test1" time="0.004" classname="com.dataDriven.util.Provider"/>
  <testcase name="test1" time="0.000" classname="com.dataDriven.util.Provider"/>
  <testcase name="test1" time="0.011" classname="com.dataDriven.util.Provider"/>
</testsuite> <!-- com.dataDriven.util.Provider -->
